This file contains any messages produced by compilers while
running configure, to aid debugging if configure makes a mistake.

It was created by libcharset configure 1.4, which was
generated by GNU Autoconf 2.69.  Invocation command line was

  $ ./configure --disable-option-checking --prefix=/usr/local --cache-file=/dev/null --srcdir=.

## --------- ##
## Platform. ##
## --------- ##

hostname = localhost
uname -m = x86_64
uname -r = 18.7.0
uname -s = Darwin
uname -v = Darwin Kernel Version 18.7.0: Tue Aug 20 16:57:14 PDT 2019; root:xnu-4903.271.2~2/RELEASE_X86_64

/usr/bin/uname -p = i386
/bin/uname -X     = unknown

/bin/arch              = unknown
/usr/bin/arch -k       = unknown
/usr/convex/getsysinfo = unknown
/usr/bin/hostinfo      = Mach kernel version:
	 Darwin Kernel Version 18.7.0: Tue Aug 20 16:57:14 PDT 2019; root:xnu-4903.271.2~2/RELEASE_X86_64
Kernel configured for up to 8 processors.
4 processors are physically available.
8 processors are logically available.
Processor type: x86_64h (Intel x86-64h Haswell)
Processors active: 0 1 2 3 4 5 6 7
Primary memory available: 16.00 gigabytes
Default processor set: 371 tasks, 1765 threads, 8 processors
Load average: 3.51, Mach factor: 4.47
/bin/machine           = unknown
/usr/bin/oslevel       = unknown
/bin/universe          = unknown

PATH: /Applications/Android Studio.app/Contents/jre/jdk/Contents/Home/bin
PATH: /usr/local/bin
PATH: /usr/bin
PATH: /bin
PATH: /usr/sbin
PATH: /sbin
PATH: /Users/wangjp/Library/Android/sdk/tools
PATH: /Users/wangjp/Library/Android/sdk/platform-tools
PATH: /Users/wangjp/application/gradle/gradle-5.4.1/bin
PATH: /Users/wangjp/Library/Android/sdk/ndk/


## ----------- ##
## Core tests. ##
## ----------- ##

configure:2216: checking whether make sets $(MAKE)
configure:2238: result: yes
configure:2297: checking for gcc
configure:2313: found /usr/bin/gcc
configure:2324: result: gcc
configure:2553: checking for C compiler version
configure:2562: gcc --version >&5
Apple LLVM version 10.0.1 (clang-1001.0.46.4)
Target: x86_64-apple-darwin18.7.0
Thread model: posix
InstalledDir: /Library/Developer/CommandLineTools/usr/bin
Configured with: --prefix=/Library/Developer/CommandLineTools/usr --with-gxx-include-dir=/Library/Developer/CommandLineTools/SDKs/MacOSX10.14.sdk/usr/include/c++/4.2.1
configure:2573: $? = 0
configure:2562: gcc -v >&5
Configured with: --prefix=/Library/Developer/CommandLineTools/usr --with-gxx-include-dir=/Library/Developer/CommandLineTools/SDKs/MacOSX10.14.sdk/usr/include/c++/4.2.1
Apple LLVM version 10.0.1 (clang-1001.0.46.4)
Target: x86_64-apple-darwin18.7.0
Thread model: posix
InstalledDir: /Library/Developer/CommandLineTools/usr/bin
configure:2573: $? = 0
configure:2562: gcc -V >&5
clang: error: unsupported option '-V -Wno-atomic-implicit-seq-cst'
clang: error: no input files
configure:2573: $? = 1
configure:2562: gcc -qversion >&5
clang: error: unknown argument '-qversion', did you mean '--version'?
clang: error: no input files
configure:2573: $? = 1
configure:2593: checking whether the C compiler works
configure:2615: gcc    conftest.c  >&5
configure:2619: $? = 0
configure:2667: result: yes
configure:2670: checking for C compiler default output file name
configure:2672: result: a.out
configure:2678: checking for suffix of executables
configure:2685: gcc -o conftest    conftest.c  >&5
configure:2689: $? = 0
configure:2711: result: 
configure:2733: checking whether we are cross compiling
configure:2741: gcc -o conftest    conftest.c  >&5
configure:2745: $? = 0
configure:2752: ./conftest
configure:2756: $? = 0
configure:2771: result: no
configure:2776: checking for suffix of object files
configure:2798: gcc -c   conftest.c >&5
configure:2802: $? = 0
configure:2823: result: o
configure:2827: checking whether we are using the GNU C compiler
configure:2846: gcc -c   conftest.c >&5
configure:2846: $? = 0
configure:2855: result: yes
configure:2864: checking whether gcc accepts -g
configure:2884: gcc -c -g  conftest.c >&5
configure:2884: $? = 0
configure:2925: result: yes
configure:2942: checking for gcc option to accept ISO C89
configure:3005: gcc  -c -g -O2  conftest.c >&5
configure:3005: $? = 0
configure:3018: result: none needed
configure:3043: checking how to run the C preprocessor
configure:3074: gcc -E  conftest.c
configure:3074: $? = 0
configure:3088: gcc -E  conftest.c
conftest.c:9:10: fatal error: 'ac_nonexistent.h' file not found
#include <ac_nonexistent.h>
         ^~~~~~~~~~~~~~~~~~
1 error generated.
configure:3088: $? = 1
configure: failed program was:
| /* confdefs.h */
| #define PACKAGE_NAME "libcharset"
| #define PACKAGE_TARNAME "libcharset"
| #define PACKAGE_VERSION "1.4"
| #define PACKAGE_STRING "libcharset 1.4"
| #define PACKAGE_BUGREPORT ""
| #define PACKAGE_URL ""
| /* end confdefs.h.  */
| #include <ac_nonexistent.h>
configure:3113: result: gcc -E
configure:3133: gcc -E  conftest.c
configure:3133: $? = 0
configure:3147: gcc -E  conftest.c
conftest.c:9:10: fatal error: 'ac_nonexistent.h' file not found
#include <ac_nonexistent.h>
         ^~~~~~~~~~~~~~~~~~
1 error generated.
configure:3147: $? = 1
configure: failed program was:
| /* confdefs.h */
| #define PACKAGE_NAME "libcharset"
| #define PACKAGE_TARNAME "libcharset"
| #define PACKAGE_VERSION "1.4"
| #define PACKAGE_STRING "libcharset 1.4"
| #define PACKAGE_BUGREPORT ""
| #define PACKAGE_URL ""
| /* end confdefs.h.  */
| #include <ac_nonexistent.h>
configure:3189: checking for a BSD-compatible install
configure:3257: result: /usr/bin/install -c
configure:3274: checking build system type
configure:3288: result: x86_64-apple-darwin18.7.0
configure:3308: checking host system type
configure:3321: result: x86_64-apple-darwin18.7.0
configure:3347: checking for grep that handles long lines and -e
configure:3405: result: /usr/bin/grep
configure:3410: checking for egrep
configure:3472: result: /usr/bin/grep -E
configure:3477: checking for ANSI C header files
configure:3497: gcc -c -g -O2  conftest.c >&5
configure:3497: $? = 0
configure:3570: gcc -o conftest -g -O2   conftest.c  >&5
configure:3570: $? = 0
configure:3570: ./conftest
configure:3570: $? = 0
configure:3581: result: yes
configure:3594: checking for sys/types.h
configure:3594: gcc -c -g -O2  conftest.c >&5
configure:3594: $? = 0
configure:3594: result: yes
configure:3594: checking for sys/stat.h
configure:3594: gcc -c -g -O2  conftest.c >&5
configure:3594: $? = 0
configure:3594: result: yes
configure:3594: checking for stdlib.h
configure:3594: gcc -c -g -O2  conftest.c >&5
configure:3594: $? = 0
configure:3594: result: yes
configure:3594: checking for string.h
configure:3594: gcc -c -g -O2  conftest.c >&5
configure:3594: $? = 0
configure:3594: result: yes
configure:3594: checking for memory.h
configure:3594: gcc -c -g -O2  conftest.c >&5
configure:3594: $? = 0
configure:3594: result: yes
configure:3594: checking for strings.h
configure:3594: gcc -c -g -O2  conftest.c >&5
configure:3594: $? = 0
configure:3594: result: yes
configure:3594: checking for inttypes.h
configure:3594: gcc -c -g -O2  conftest.c >&5
configure:3594: $? = 0
configure:3594: result: yes
configure:3594: checking for stdint.h
configure:3594: gcc -c -g -O2  conftest.c >&5
configure:3594: $? = 0
configure:3594: result: yes
configure:3594: checking for unistd.h
configure:3594: gcc -c -g -O2  conftest.c >&5
configure:3594: $? = 0
configure:3594: result: yes
configure:3607: checking minix/config.h usability
configure:3607: gcc -c -g -O2  conftest.c >&5
conftest.c:52:10: fatal error: 'minix/config.h' file not found
#include <minix/config.h>
         ^~~~~~~~~~~~~~~~
1 error generated.
configure:3607: $? = 1
configure: failed program was:
| /* confdefs.h */
| #define PACKAGE_NAME "libcharset"
| #define PACKAGE_TARNAME "libcharset"
| #define PACKAGE_VERSION "1.4"
| #define PACKAGE_STRING "libcharset 1.4"
| #define PACKAGE_BUGREPORT ""
| #define PACKAGE_URL ""
| #define STDC_HEADERS 1
| #define HAVE_SYS_TYPES_H 1
| #define HAVE_SYS_STAT_H 1
| #define HAVE_STDLIB_H 1
| #define HAVE_STRING_H 1
| #define HAVE_MEMORY_H 1
| #define HAVE_STRINGS_H 1
| #define HAVE_INTTYPES_H 1
| #define HAVE_STDINT_H 1
| #define HAVE_UNISTD_H 1
| /* end confdefs.h.  */
| #include <stdio.h>
| #ifdef HAVE_SYS_TYPES_H
| # include <sys/types.h>
| #endif
| #ifdef HAVE_SYS_STAT_H
| # include <sys/stat.h>
| #endif
| #ifdef STDC_HEADERS
| # include <stdlib.h>
| # include <stddef.h>
| #else
| # ifdef HAVE_STDLIB_H
| #  include <stdlib.h>
| # endif
| #endif
| #ifdef HAVE_STRING_H
| # if !defined STDC_HEADERS && defined HAVE_MEMORY_H
| #  include <memory.h>
| # endif
| # include <string.h>
| #endif
| #ifdef HAVE_STRINGS_H
| # include <strings.h>
| #endif
| #ifdef HAVE_INTTYPES_H
| # include <inttypes.h>
| #endif
| #ifdef HAVE_STDINT_H
| # include <stdint.h>
| #endif
| #ifdef HAVE_UNISTD_H
| # include <unistd.h>
| #endif
| #include <minix/config.h>
configure:3607: result: no
configure:3607: checking minix/config.h presence
configure:3607: gcc -E  conftest.c
conftest.c:19:10: fatal error: 'minix/config.h' file not found
#include <minix/config.h>
         ^~~~~~~~~~~~~~~~
1 error generated.
configure:3607: $? = 1
configure: failed program was:
| /* confdefs.h */
| #define PACKAGE_NAME "libcharset"
| #define PACKAGE_TARNAME "libcharset"
| #define PACKAGE_VERSION "1.4"
| #define PACKAGE_STRING "libcharset 1.4"
| #define PACKAGE_BUGREPORT ""
| #define PACKAGE_URL ""
| #define STDC_HEADERS 1
| #define HAVE_SYS_TYPES_H 1
| #define HAVE_SYS_STAT_H 1
| #define HAVE_STDLIB_H 1
| #define HAVE_STRING_H 1
| #define HAVE_MEMORY_H 1
| #define HAVE_STRINGS_H 1
| #define HAVE_INTTYPES_H 1
| #define HAVE_STDINT_H 1
| #define HAVE_UNISTD_H 1
| /* end confdefs.h.  */
| #include <minix/config.h>
configure:3607: result: no
configure:3607: checking for minix/config.h
configure:3607: result: no
configure:3628: checking whether it is safe to define __EXTENSIONS__
configure:3646: gcc -c -g -O2  conftest.c >&5
configure:3646: $? = 0
configure:3653: result: yes
configure:3719: checking how to print strings
configure:3746: result: printf
configure:3767: checking for a sed that does not truncate output
configure:3831: result: /usr/bin/sed
configure:3849: checking for fgrep
configure:3911: result: /usr/bin/grep -F
configure:3946: checking for ld used by gcc
configure:4013: result: /Library/Developer/CommandLineTools/usr/bin/ld
configure:4020: checking if the linker (/Library/Developer/CommandLineTools/usr/bin/ld) is GNU ld
configure:4035: result: no
configure:4047: checking for BSD- or MS-compatible name lister (nm)
configure:4101: result: /usr/bin/nm -B
configure:4231: checking the name lister (/usr/bin/nm -B) interface
configure:4238: gcc -c -g -O2  conftest.c >&5
configure:4241: /usr/bin/nm -B "conftest.o"
configure:4244: output
00000000000001e0 S _some_variable
configure:4251: result: BSD nm
configure:4254: checking whether ln -s works
configure:4258: result: yes
configure:4266: checking the maximum length of command line arguments
configure:4397: result: 196608
configure:4445: checking how to convert x86_64-apple-darwin18.7.0 file names to x86_64-apple-darwin18.7.0 format
configure:4485: result: func_convert_file_noop
configure:4492: checking how to convert x86_64-apple-darwin18.7.0 file names to toolchain format
configure:4512: result: func_convert_file_noop
configure:4519: checking for /Library/Developer/CommandLineTools/usr/bin/ld option to reload object files
configure:4526: result: -r
configure:4600: checking for objdump
configure:4616: found /usr/bin/objdump
configure:4627: result: objdump
configure:4656: checking how to recognize dependent libraries
configure:4856: result: pass_all
configure:4941: checking for dlltool
configure:4971: result: no
configure:4998: checking how to associate runtime and link libraries
configure:5025: result: printf %s\n
configure:5085: checking for ar
configure:5101: found /usr/bin/ar
configure:5112: result: ar
configure:5149: checking for archiver @FILE support
configure:5166: gcc -c -g -O2  conftest.c >&5
configure:5166: $? = 0
configure:5169: ar cru libconftest.a @conftest.lst >&5
ar: @conftest.lst: No such file or directory
configure:5172: $? = 1
configure:5192: result: no
configure:5250: checking for strip
configure:5266: found /usr/bin/strip
configure:5277: result: strip
configure:5349: checking for ranlib
configure:5365: found /usr/bin/ranlib
configure:5376: result: ranlib
configure:5453: checking for gawk
configure:5483: result: no
configure:5453: checking for mawk
configure:5483: result: no
configure:5453: checking for nawk
configure:5483: result: no
configure:5453: checking for awk
configure:5469: found /usr/bin/awk
configure:5480: result: awk
configure:5520: checking command to parse /usr/bin/nm -B output from gcc object
configure:5673: gcc -c -g -O2  conftest.c >&5
configure:5676: $? = 0
configure:5680: /usr/bin/nm -B conftest.o \| sed -n -e 's/^.*[ ]\([BCDEGRST][BCDEGRST]*\)[ ][ ]*\([_A-Za-z][_A-Za-z0-9]*\)$/\1 \2 \2/p' | sed '/ __gnu_lto/d' \> conftest.nm
configure:5683: $? = 0
cannot find nm_test_var in conftest.nm
configure:5673: gcc -c -g -O2  conftest.c >&5
configure:5676: $? = 0
configure:5680: /usr/bin/nm -B conftest.o \| sed -n -e 's/^.*[ ]\([BCDEGRST][BCDEGRST]*\)[ ][ ]*_\([_A-Za-z][_A-Za-z0-9]*\)$/\1 _\2 \2/p' | sed '/ __gnu_lto/d' \> conftest.nm
configure:5683: $? = 0
configure:5749: gcc -o conftest -g -O2   conftest.c conftstm.o >&5
warning: (x86_64)  could not find object file symbol for symbol _main
configure:5752: $? = 0
configure:5790: result: ok
configure:5837: checking for sysroot
configure:5867: result: no
configure:5874: checking for a working dd
configure:5912: result: /bin/dd
configure:5916: checking how to truncate binary pipes
configure:5931: result: /bin/dd bs=4096 count=1
configure:6260: checking for mt
configure:6290: result: no
configure:6310: checking if : is a manifest tool
configure:6316: : '-?'
configure:6324: result: no
configure:6380: checking for dsymutil
configure:6396: found /usr/bin/dsymutil
configure:6407: result: dsymutil
configure:6472: checking for nmedit
configure:6488: found /usr/bin/nmedit
configure:6499: result: nmedit
configure:6564: checking for lipo
configure:6580: found /usr/bin/lipo
configure:6591: result: lipo
configure:6656: checking for otool
configure:6672: found /usr/bin/otool
configure:6683: result: otool
configure:6748: checking for otool64
configure:6778: result: no
configure:6823: checking for -single_module linker flag
gcc -g -O2  -o libconftest.dylib -dynamiclib -Wl,-single_module conftest.c
configure:6856: result: yes
configure:6859: checking for -exported_symbols_list linker flag
configure:6879: gcc -o conftest -g -O2   -Wl,-exported_symbols_list,conftest.sym conftest.c  >&5
configure:6879: $? = 0
configure:6889: result: yes
configure:6892: checking for -force_load linker flag
gcc -g -O2 -c -o conftest.o conftest.c
ar cru libconftest.a conftest.o
ranlib libconftest.a
gcc -g -O2  -o conftest conftest.c -Wl,-force_load,./libconftest.a
configure:6924: result: yes
configure:6998: checking for dlfcn.h
configure:6998: gcc -c -g -O2  conftest.c >&5
configure:6998: $? = 0
configure:6998: result: yes
configure:7552: checking for objdir
configure:7567: result: .libs
configure:7831: checking if gcc supports -fno-rtti -fno-exceptions
configure:7849: gcc -c -g -O2  -fno-rtti -fno-exceptions conftest.c >&5
configure:7853: $? = 0
configure:7866: result: yes
configure:8224: checking for gcc option to produce PIC
configure:8231: result: -fno-common -DPIC
configure:8239: checking if gcc PIC flag -fno-common -DPIC works
configure:8257: gcc -c -g -O2  -fno-common -DPIC -DPIC conftest.c >&5
configure:8261: $? = 0
configure:8274: result: yes
configure:8303: checking if gcc static flag -static works
configure:8331: result: no
configure:8346: checking if gcc supports -c -o file.o
configure:8367: gcc -c -g -O2  -o out/conftest2.o conftest.c >&5
configure:8371: $? = 0
configure:8393: result: yes
configure:8401: checking if gcc supports -c -o file.o
configure:8448: result: yes
configure:8481: checking whether the gcc linker (/Library/Developer/CommandLineTools/usr/bin/ld) supports shared libraries
configure:9740: result: yes
configure:9980: checking dynamic linker characteristics
configure:10798: result: darwin18.7.0 dyld
configure:10920: checking how to hardcode library paths into programs
configure:10945: result: immediate
configure:11493: checking whether stripping libraries is possible
configure:11507: result: yes
configure:11533: checking if libtool supports shared libraries
configure:11535: result: yes
configure:11538: checking whether to build shared libraries
configure:11563: result: yes
configure:11566: checking whether to build static libraries
configure:11570: result: yes
configure:11630: checking for ld
configure:11758: result: /Library/Developer/CommandLineTools/usr/bin/ld
configure:11765: checking if the linker (/Library/Developer/CommandLineTools/usr/bin/ld) is GNU ld
configure:11780: result: no
configure:11786: checking for shared library path variable
configure:11799: result: DYLD_LIBRARY_PATH
configure:11804: checking whether to activate relocatable installation
configure:11819: result: no
configure:11993: checking whether the -Werror option is usable
configure:12011: gcc -c -g -O2 -Werror  conftest.c >&5
configure:12011: $? = 0
configure:12020: result: yes
configure:12022: checking for simple visibility declarations
configure:12048: gcc -c -g -O2 -fvisibility=hidden -Werror  conftest.c >&5
configure:12048: $? = 0
configure:12057: result: yes
configure:12075: checking for nl_langinfo and CODESET
configure:12091: gcc -o conftest -g -O2   conftest.c  >&5
configure:12091: $? = 0
configure:12100: result: yes
configure:12114: checking for unistd.h
configure:12114: result: yes
configure:12133: checking for symlink
configure:12133: gcc -o conftest -g -O2   conftest.c  >&5
configure:12133: $? = 0
configure:12133: result: yes
configure:12149: checking for working fcntl.h
configure:12257: gcc -o conftest -g -O2   conftest.c  >&5
conftest.c:57:27: warning: address of array 'constants' will always evaluate to 'true' [-Wpointer-bool-conversion]
            int result = !constants;
                         ~^~~~~~~~~
1 warning generated.
configure:12257: $? = 0
configure:12257: ./conftest
configure:12257: $? = 64
configure: program exited with status 64
configure: failed program was:
| /* confdefs.h */
| #define PACKAGE_NAME "libcharset"
| #define PACKAGE_TARNAME "libcharset"
| #define PACKAGE_VERSION "1.4"
| #define PACKAGE_STRING "libcharset 1.4"
| #define PACKAGE_BUGREPORT ""
| #define PACKAGE_URL ""
| #define STDC_HEADERS 1
| #define HAVE_SYS_TYPES_H 1
| #define HAVE_SYS_STAT_H 1
| #define HAVE_STDLIB_H 1
| #define HAVE_STRING_H 1
| #define HAVE_MEMORY_H 1
| #define HAVE_STRINGS_H 1
| #define HAVE_INTTYPES_H 1
| #define HAVE_STDINT_H 1
| #define HAVE_UNISTD_H 1
| #define __EXTENSIONS__ 1
| #define _ALL_SOURCE 1
| #define _GNU_SOURCE 1
| #define _POSIX_PTHREAD_SEMANTICS 1
| #define _TANDEM_SOURCE 1
| #define HAVE_DLFCN_H 1
| #define LT_OBJDIR ".libs/"
| #define INSTALLPREFIX "/usr/local"
| #define HAVE_VISIBILITY 1
| #define HAVE_LANGINFO_CODESET 1
| #define HAVE_UNISTD_H 1
| #define HAVE_SYMLINK 1
| /* end confdefs.h.  */
| #include <sys/types.h>
|            #include <sys/stat.h>
|            #if HAVE_UNISTD_H
|            # include <unistd.h>
|            #else /* on Windows with MSVC */
|            # include <io.h>
|            # include <stdlib.h>
|            # defined sleep(n) _sleep ((n) * 1000)
|            #endif
|            #include <fcntl.h>
|            #ifndef O_NOATIME
|             #define O_NOATIME 0
|            #endif
|            #ifndef O_NOFOLLOW
|             #define O_NOFOLLOW 0
|            #endif
|            static int const constants[] =
|             {
|               O_CREAT, O_EXCL, O_NOCTTY, O_TRUNC, O_APPEND,
|               O_NONBLOCK, O_SYNC, O_ACCMODE, O_RDONLY, O_RDWR, O_WRONLY
|             };
| 
| int
| main ()
| {
| 
|             int result = !constants;
|             #if HAVE_SYMLINK
|             {
|               static char const sym[] = "conftest.sym";
|               if (symlink ("/dev/null", sym) != 0)
|                 result |= 2;
|               else
|                 {
|                   int fd = open (sym, O_WRONLY | O_NOFOLLOW | O_CREAT, 0);
|                   if (fd >= 0)
|                     {
|                       close (fd);
|                       result |= 4;
|                     }
|                 }
|               if (unlink (sym) != 0 || symlink (".", sym) != 0)
|                 result |= 2;
|               else
|                 {
|                   int fd = open (sym, O_RDONLY | O_NOFOLLOW);
|                   if (fd >= 0)
|                     {
|                       close (fd);
|                       result |= 4;
|                     }
|                 }
|               unlink (sym);
|             }
|             #endif
|             {
|               static char const file[] = "confdefs.h";
|               int fd = open (file, O_RDONLY | O_NOATIME);
|               if (fd < 0)
|                 result |= 8;
|               else
|                 {
|                   struct stat st0;
|                   if (fstat (fd, &st0) != 0)
|                     result |= 16;
|                   else
|                     {
|                       char c;
|                       sleep (1);
|                       if (read (fd, &c, 1) != 1)
|                         result |= 24;
|                       else
|                         {
|                           if (close (fd) != 0)
|                             result |= 32;
|                           else
|                             {
|                               struct stat st1;
|                               if (stat (file, &st1) != 0)
|                                 result |= 40;
|                               else
|                                 if (st0.st_atime != st1.st_atime)
|                                   result |= 64;
|                             }
|                         }
|                     }
|                 }
|             }
|             return result;
|   ;
|   return 0;
| }
configure:12273: result: no (bad O_NOATIME)
configure:12297: checking whether we are using the GNU C Library >= 2.1 or uClibc
conftest.c:34:10: fatal error: 'features.h' file not found
#include <features.h>
         ^~~~~~~~~~~~
1 error generated.
configure:12327: result: no
configure:12335: checking for setlocale
configure:12335: gcc -o conftest -g -O2   conftest.c  >&5
configure:12335: $? = 0
configure:12335: result: yes
configure:12475: creating ./config.status

## ---------------------- ##
## Running config.status. ##
## ---------------------- ##

This file was extended by libcharset config.status 1.4, which was
generated by GNU Autoconf 2.69.  Invocation command line was

  CONFIG_FILES    = 
  CONFIG_HEADERS  = 
  CONFIG_LINKS    = 
  CONFIG_COMMANDS = 
  $ ./config.status 

on localhost

config.status:1075: creating Makefile
config.status:1075: creating lib/Makefile
config.status:1075: creating include/localcharset.h
config.status:1075: creating include/localcharset.h.inst
config.status:1075: creating config.h
config.status:1264: executing libtool commands

## ---------------- ##
## Cache variables. ##
## ---------------- ##

ac_cv_build=x86_64-apple-darwin18.7.0
ac_cv_c_compiler_gnu=yes
ac_cv_env_CC_set=
ac_cv_env_CC_value=
ac_cv_env_CFLAGS_set=
ac_cv_env_CFLAGS_value=
ac_cv_env_CPPFLAGS_set=
ac_cv_env_CPPFLAGS_value=
ac_cv_env_CPP_set=
ac_cv_env_CPP_value=
ac_cv_env_LDFLAGS_set=
ac_cv_env_LDFLAGS_value=
ac_cv_env_LIBS_set=
ac_cv_env_LIBS_value=
ac_cv_env_LT_SYS_LIBRARY_PATH_set=
ac_cv_env_LT_SYS_LIBRARY_PATH_value=
ac_cv_env_build_alias_set=
ac_cv_env_build_alias_value=
ac_cv_env_host_alias_set=
ac_cv_env_host_alias_value=
ac_cv_env_target_alias_set=
ac_cv_env_target_alias_value=
ac_cv_func_setlocale=yes
ac_cv_func_symlink=yes
ac_cv_gnu_library_2_1=no
ac_cv_header_dlfcn_h=yes
ac_cv_header_inttypes_h=yes
ac_cv_header_memory_h=yes
ac_cv_header_minix_config_h=no
ac_cv_header_stdc=yes
ac_cv_header_stdint_h=yes
ac_cv_header_stdlib_h=yes
ac_cv_header_string_h=yes
ac_cv_header_strings_h=yes
ac_cv_header_sys_stat_h=yes
ac_cv_header_sys_types_h=yes
ac_cv_header_unistd_h=yes
ac_cv_host=x86_64-apple-darwin18.7.0
ac_cv_objext=o
ac_cv_path_EGREP='/usr/bin/grep -E'
ac_cv_path_FGREP='/usr/bin/grep -F'
ac_cv_path_GREP=/usr/bin/grep
ac_cv_path_SED=/usr/bin/sed
ac_cv_path_install='/usr/bin/install -c'
ac_cv_path_lt_DD=/bin/dd
ac_cv_prog_AWK=awk
ac_cv_prog_CPP='gcc -E'
ac_cv_prog_ac_ct_AR=ar
ac_cv_prog_ac_ct_CC=gcc
ac_cv_prog_ac_ct_DSYMUTIL=dsymutil
ac_cv_prog_ac_ct_LIPO=lipo
ac_cv_prog_ac_ct_NMEDIT=nmedit
ac_cv_prog_ac_ct_OBJDUMP=objdump
ac_cv_prog_ac_ct_OTOOL=otool
ac_cv_prog_ac_ct_RANLIB=ranlib
ac_cv_prog_ac_ct_STRIP=strip
ac_cv_prog_cc_c89=
ac_cv_prog_cc_g=yes
ac_cv_prog_make_make_set=yes
ac_cv_safe_to_define___extensions__=yes
acl_cv_libpath=DYLD_LIBRARY_PATH
acl_cv_prog_gnu_ld=no
acl_cv_shlibpath_var=DYLD_LIBRARY_PATH
am_cv_langinfo_codeset=yes
gl_cv_cc_vis_werror=yes
gl_cv_cc_visibility=yes
gl_cv_header_working_fcntl_h='no (bad O_NOATIME)'
lt_cv_apple_cc_single_mod=yes
lt_cv_ar_at_file=no
lt_cv_deplibs_check_method=pass_all
lt_cv_file_magic_cmd='$MAGIC_CMD'
lt_cv_file_magic_test_file=
lt_cv_ld_exported_symbols_list=yes
lt_cv_ld_force_load=yes
lt_cv_ld_reload_flag=-r
lt_cv_nm_interface='BSD nm'
lt_cv_objdir=.libs
lt_cv_path_LD=/Library/Developer/CommandLineTools/usr/bin/ld
lt_cv_path_NM='/usr/bin/nm -B'
lt_cv_path_mainfest_tool=no
lt_cv_prog_compiler_c_o=yes
lt_cv_prog_compiler_pic='-fno-common -DPIC'
lt_cv_prog_compiler_pic_works=yes
lt_cv_prog_compiler_rtti_exceptions=yes
lt_cv_prog_compiler_static_works=no
lt_cv_prog_gnu_ld=no
lt_cv_sharedlib_from_linklib_cmd='printf %s\n'
lt_cv_sys_global_symbol_pipe='sed -n -e '\''s/^.*[	 ]\([BCDEGRST][BCDEGRST]*\)[	 ][	 ]*_\([_A-Za-z][_A-Za-z0-9]*\)$/\1 _\2 \2/p'\'' | sed '\''/ __gnu_lto/d'\'''
lt_cv_sys_global_symbol_to_c_name_address='sed -n -e '\''s/^: \(.*\) .*$/  {"\1", (void *) 0},/p'\'' -e '\''s/^[BCDEGRST][BCDEGRST]* .* \(.*\)$/  {"\1", (void *) \&\1},/p'\'''
lt_cv_sys_global_symbol_to_c_name_address_lib_prefix='sed -n -e '\''s/^: \(.*\) .*$/  {"\1", (void *) 0},/p'\'' -e '\''s/^[BCDEGRST][BCDEGRST]* .* \(lib.*\)$/  {"\1", (void *) \&\1},/p'\'' -e '\''s/^[BCDEGRST][BCDEGRST]* .* \(.*\)$/  {"lib\1", (void *) \&\1},/p'\'''
lt_cv_sys_global_symbol_to_cdecl='sed -n -e '\''s/^T .* \(.*\)$/extern int \1();/p'\'' -e '\''s/^[BCDEGRST][BCDEGRST]* .* \(.*\)$/extern char \1;/p'\'''
lt_cv_sys_global_symbol_to_import=
lt_cv_sys_max_cmd_len=196608
lt_cv_to_host_file_cmd=func_convert_file_noop
lt_cv_to_tool_file_cmd=func_convert_file_noop
lt_cv_truncate_bin='/bin/dd bs=4096 count=1'

## ----------------- ##
## Output variables. ##
## ----------------- ##

AR='ar'
AS='as'
AWK='awk'
CC='gcc'
CFLAGS='-g -O2'
CFLAG_VISIBILITY='-fvisibility=hidden'
CPP='gcc -E'
CPPFLAGS=''
DEFS='-DHAVE_CONFIG_H'
DLLTOOL='false'
DSYMUTIL='dsymutil'
DUMPBIN=''
ECHO_C='\c'
ECHO_N=''
ECHO_T=''
EGREP='/usr/bin/grep -E'
EXEEXT=''
FGREP='/usr/bin/grep -F'
GLIBC21='no'
GREP='/usr/bin/grep'
HAVE_VISIBILITY='1'
INSTALL_DATA='${INSTALL} -m 644'
INSTALL_PROGRAM='${INSTALL}'
INSTALL_PROGRAM_ENV=''
INSTALL_SCRIPT='${INSTALL}'
LD='/Library/Developer/CommandLineTools/usr/bin/ld'
LDFLAGS=''
LIBOBJS=''
LIBS=''
LIBTOOL='/bin/sh $(top_builddir)/libtool'
LIPO='lipo'
LN_S='ln -s'
LTLIBOBJS=''
LT_SYS_LIBRARY_PATH=''
MANIFEST_TOOL=':'
NM='/usr/bin/nm -B'
NMEDIT='nmedit'
OBJDUMP='objdump'
OBJEXT='o'
OTOOL64=':'
OTOOL='otool'
PACKAGE_BUGREPORT=''
PACKAGE_NAME='libcharset'
PACKAGE_STRING='libcharset 1.4'
PACKAGE_TARNAME='libcharset'
PACKAGE_URL=''
PACKAGE_VERSION='1.4'
PATH_SEPARATOR=':'
RANLIB='ranlib'
RELOCATABLE='no'
RELOCATABLE_BUILD_DIR='$(top_builddir)/'
RELOCATABLE_CONFIG_H_DIR='$(top_builddir)'
RELOCATABLE_LDFLAGS=''
RELOCATABLE_LIBRARY_PATH=''
RELOCATABLE_SRC_DIR='$(top_srcdir)/'
RELOCATABLE_STRIP=':'
RELOCATABLE_VIA_LD_FALSE=''
RELOCATABLE_VIA_LD_TRUE='#'
RELOCATABLE_VIA_WRAPPER_FALSE=''
RELOCATABLE_VIA_WRAPPER_TRUE='#'
SED='/usr/bin/sed'
SET_MAKE=''
SHELL='/bin/sh'
STRIP='strip'
ac_ct_AR='ar'
ac_ct_CC='gcc'
ac_ct_DUMPBIN=''
bindir='${exec_prefix}/bin'
build='x86_64-apple-darwin18.7.0'
build_alias=''
build_cpu='x86_64'
build_os='darwin18.7.0'
build_vendor='apple'
datadir='${datarootdir}'
datarootdir='${prefix}/share'
docdir='${datarootdir}/doc/${PACKAGE_TARNAME}'
dvidir='${docdir}'
exec_prefix='${prefix}'
host='x86_64-apple-darwin18.7.0'
host_alias=''
host_cpu='x86_64'
host_os='darwin18.7.0'
host_vendor='apple'
htmldir='${docdir}'
includedir='${prefix}/include'
infodir='${datarootdir}/info'
libdir='${exec_prefix}/lib'
libexecdir='${exec_prefix}/libexec'
localedir='${datarootdir}/locale'
localstatedir='${prefix}/var'
mandir='${datarootdir}/man'
oldincludedir='/usr/include'
pdfdir='${docdir}'
prefix='/usr/local'
program_transform_name='s,x,x,'
psdir='${docdir}'
sbindir='${exec_prefix}/sbin'
sharedstatedir='${prefix}/com'
sysconfdir='${prefix}/etc'
target_alias=''

## ----------- ##
## confdefs.h. ##
## ----------- ##

/* confdefs.h */
#define PACKAGE_NAME "libcharset"
#define PACKAGE_TARNAME "libcharset"
#define PACKAGE_VERSION "1.4"
#define PACKAGE_STRING "libcharset 1.4"
#define PACKAGE_BUGREPORT ""
#define PACKAGE_URL ""
#define STDC_HEADERS 1
#define HAVE_SYS_TYPES_H 1
#define HAVE_SYS_STAT_H 1
#define HAVE_STDLIB_H 1
#define HAVE_STRING_H 1
#define HAVE_MEMORY_H 1
#define HAVE_STRINGS_H 1
#define HAVE_INTTYPES_H 1
#define HAVE_STDINT_H 1
#define HAVE_UNISTD_H 1
#define __EXTENSIONS__ 1
#define _ALL_SOURCE 1
#define _GNU_SOURCE 1
#define _POSIX_PTHREAD_SEMANTICS 1
#define _TANDEM_SOURCE 1
#define HAVE_DLFCN_H 1
#define LT_OBJDIR ".libs/"
#define INSTALLPREFIX "/usr/local"
#define HAVE_VISIBILITY 1
#define HAVE_LANGINFO_CODESET 1
#define HAVE_UNISTD_H 1
#define HAVE_SYMLINK 1
#define HAVE_WORKING_O_NOATIME 0
#define HAVE_WORKING_O_NOFOLLOW 1
#define HAVE_SETLOCALE 1

configure: exit 0
